<?xml version="1.0" encoding="UTF-8"?>
<!-- Generated by org.testng.reporters.JUnitXMLReporter -->
<testsuite hostname="LMA003531" name="Surefire test" tests="1" failures="1" timestamp="17 Aug 2022 14:20:25 GMT" time="9.773" errors="0">
  <testcase name="@AfterTest fermer" time="0.0" classname="Execution.ExShop">
    <failure type="java.lang.RuntimeException" message="org.openqa.selenium.NoSuchSessionException: Tried to run command without establishing a connection
Build info: version: &amp;apos;3.6.0&amp;apos;, revision: &amp;apos;6fbf3ec767&amp;apos;, time: &amp;apos;2017-09-27T15:28:36.4Z&amp;apos;
System info: host: &amp;apos;LMA003531&amp;apos;, ip: &amp;apos;192.168.181.56&amp;apos;, os.name: &amp;apos;Windows 10&amp;apos;, os.arch: &amp;apos;amd64&amp;apos;, os.version: &amp;apos;10.0&amp;apos;, java.version: &amp;apos;1.8.0_271&amp;apos;
Driver info: org.openqa.selenium.firefox.FirefoxDriver
Capabilities [{moz:profile=C:\Users\mohamine\AppData\Local\Temp\rust_mozprofile1ehL7h, moz:geckodriverVersion=0.31.0, timeouts={implicit=0, pageLoad=300000, script=30000}, pageLoadStrategy=normal, unhandledPromptBehavior=dismiss and notify, strictFileInteractability=false, moz:headless=false, moz:windowless=false, platform=WINDOWS, proxy=Proxy(), moz:accessibilityChecks=false, moz:useNonSpecCompliantPointerOrigin=false, acceptInsecureCerts=true, browserVersion=103.0.2, moz:shutdownTimeout=60000, moz:processID=10404, browserName=firefox, moz:buildID=20220808125904, javascriptEnabled=true, moz:platformVersion=10.0, platformName=WINDOWS, setWindowRect=true, moz:webdriverClick=true}]
Session ID: b57be44c-e3d9-4bb4-92bb-71eb940b8257">
      <![CDATA[java.lang.RuntimeException: org.openqa.selenium.NoSuchSessionException: Tried to run command without establishing a connection
Build info: version: '3.6.0', revision: '6fbf3ec767', time: '2017-09-27T15:28:36.4Z'
System info: host: 'LMA003531', ip: '192.168.181.56', os.name: 'Windows 10', os.arch: 'amd64', os.version: '10.0', java.version: '1.8.0_271'
Driver info: org.openqa.selenium.firefox.FirefoxDriver
Capabilities [{moz:profile=C:\Users\mohamine\AppData\Local\Temp\rust_mozprofile1ehL7h, moz:geckodriverVersion=0.31.0, timeouts={implicit=0, pageLoad=300000, script=30000}, pageLoadStrategy=normal, unhandledPromptBehavior=dismiss and notify, strictFileInteractability=false, moz:headless=false, moz:windowless=false, platform=WINDOWS, proxy=Proxy(), moz:accessibilityChecks=false, moz:useNonSpecCompliantPointerOrigin=false, acceptInsecureCerts=true, browserVersion=103.0.2, moz:shutdownTimeout=60000, moz:processID=10404, browserName=firefox, moz:buildID=20220808125904, javascriptEnabled=true, moz:platformVersion=10.0, platformName=WINDOWS, setWindowRect=true, moz:webdriverClick=true}]
Session ID: b57be44c-e3d9-4bb4-92bb-71eb940b8257
	at ru.yandex.qatools.ashot.util.InnerScript.execute(InnerScript.java:32)
	at ru.yandex.qatools.ashot.shooting.ViewportPastingDecorator.getFullHeight(ViewportPastingDecorator.java:67)
	at ru.yandex.qatools.ashot.shooting.ViewportPastingDecorator.getScreenshot(ViewportPastingDecorator.java:41)
	at ru.yandex.qatools.ashot.shooting.ViewportPastingDecorator.getScreenshot(ViewportPastingDecorator.java:35)
	at ru.yandex.qatools.ashot.AShot.takeScreenshot(AShot.java:145)
	at Global.Connexion.screen(Connexion.java:47)
	at Global.Connexion.fermer(Connexion.java:62)
Caused by: org.openqa.selenium.NoSuchSessionException: Tried to run command without establishing a connection
Build info: version: '3.6.0', revision: '6fbf3ec767', time: '2017-09-27T15:28:36.4Z'
System info: host: 'LMA003531', ip: '192.168.181.56', os.name: 'Windows 10', os.arch: 'amd64', os.version: '10.0', java.version: '1.8.0_271'
Driver info: org.openqa.selenium.firefox.FirefoxDriver
Capabilities [{moz:profile=C:\Users\mohamine\AppData\Local\Temp\rust_mozprofile1ehL7h, moz:geckodriverVersion=0.31.0, timeouts={implicit=0, pageLoad=300000, script=30000}, pageLoadStrategy=normal, unhandledPromptBehavior=dismiss and notify, strictFileInteractability=false, moz:headless=false, moz:windowless=false, platform=WINDOWS, proxy=Proxy(), moz:accessibilityChecks=false, moz:useNonSpecCompliantPointerOrigin=false, acceptInsecureCerts=true, browserVersion=103.0.2, moz:shutdownTimeout=60000, moz:processID=10404, browserName=firefox, moz:buildID=20220808125904, javascriptEnabled=true, moz:platformVersion=10.0, platformName=WINDOWS, setWindowRect=true, moz:webdriverClick=true}]
Session ID: b57be44c-e3d9-4bb4-92bb-71eb940b8257
	at org.openqa.selenium.remote.http.W3CHttpResponseCodec.createException(W3CHttpResponseCodec.java:185)
	at org.openqa.selenium.remote.http.W3CHttpResponseCodec.decode(W3CHttpResponseCodec.java:120)
	at org.openqa.selenium.remote.http.W3CHttpResponseCodec.decode(W3CHttpResponseCodec.java:49)
	at org.openqa.selenium.remote.HttpCommandExecutor.execute(HttpCommandExecutor.java:164)
	at org.openqa.selenium.remote.service.DriverCommandExecutor.execute(DriverCommandExecutor.java:83)
	at org.openqa.selenium.remote.RemoteWebDriver.execute(RemoteWebDriver.java:586)
	at org.openqa.selenium.remote.RemoteWebDriver.executeScript(RemoteWebDriver.java:522)
	at ru.yandex.qatools.ashot.util.InnerScript.execute(InnerScript.java:30)
	... 33 more
... Removed 31 stack frames]]>
    </failure>
  </testcase> <!-- @AfterTest fermer -->
  <testcase name="run" time="2.13" classname="Execution.ExShop">
    <failure type="org.openqa.selenium.WebDriverException" message="Failed to decode response from marionette
Build info: version: &amp;apos;3.6.0&amp;apos;, revision: &amp;apos;6fbf3ec767&amp;apos;, time: &amp;apos;2017-09-27T15:28:36.4Z&amp;apos;
System info: host: &amp;apos;LMA003531&amp;apos;, ip: &amp;apos;192.168.181.56&amp;apos;, os.name: &amp;apos;Windows 10&amp;apos;, os.arch: &amp;apos;amd64&amp;apos;, os.version: &amp;apos;10.0&amp;apos;, java.version: &amp;apos;1.8.0_271&amp;apos;
Driver info: org.openqa.selenium.firefox.FirefoxDriver
Capabilities [{moz:profile=C:\Users\mohamine\AppData\Local\Temp\rust_mozprofile1ehL7h, moz:geckodriverVersion=0.31.0, timeouts={implicit=0, pageLoad=300000, script=30000}, pageLoadStrategy=normal, unhandledPromptBehavior=dismiss and notify, strictFileInteractability=false, moz:headless=false, moz:windowless=false, platform=WINDOWS, proxy=Proxy(), moz:accessibilityChecks=false, moz:useNonSpecCompliantPointerOrigin=false, acceptInsecureCerts=true, browserVersion=103.0.2, moz:shutdownTimeout=60000, moz:processID=10404, browserName=firefox, moz:buildID=20220808125904, javascriptEnabled=true, moz:platformVersion=10.0, platformName=WINDOWS, setWindowRect=true, moz:webdriverClick=true}]
Session ID: b57be44c-e3d9-4bb4-92bb-71eb940b8257
*** Element info: {Using=xpath, value=//input[@name=&amp;apos;username&amp;apos;]}">
      <![CDATA[org.openqa.selenium.WebDriverException: Failed to decode response from marionette
Build info: version: '3.6.0', revision: '6fbf3ec767', time: '2017-09-27T15:28:36.4Z'
System info: host: 'LMA003531', ip: '192.168.181.56', os.name: 'Windows 10', os.arch: 'amd64', os.version: '10.0', java.version: '1.8.0_271'
Driver info: org.openqa.selenium.firefox.FirefoxDriver
Capabilities [{moz:profile=C:\Users\mohamine\AppData\Local\Temp\rust_mozprofile1ehL7h, moz:geckodriverVersion=0.31.0, timeouts={implicit=0, pageLoad=300000, script=30000}, pageLoadStrategy=normal, unhandledPromptBehavior=dismiss and notify, strictFileInteractability=false, moz:headless=false, moz:windowless=false, platform=WINDOWS, proxy=Proxy(), moz:accessibilityChecks=false, moz:useNonSpecCompliantPointerOrigin=false, acceptInsecureCerts=true, browserVersion=103.0.2, moz:shutdownTimeout=60000, moz:processID=10404, browserName=firefox, moz:buildID=20220808125904, javascriptEnabled=true, moz:platformVersion=10.0, platformName=WINDOWS, setWindowRect=true, moz:webdriverClick=true}]
Session ID: b57be44c-e3d9-4bb4-92bb-71eb940b8257
*** Element info: {Using=xpath, value=//input[@name='username']}
	at org.openqa.selenium.remote.http.W3CHttpResponseCodec.createException(W3CHttpResponseCodec.java:185)
	at org.openqa.selenium.remote.http.W3CHttpResponseCodec.decode(W3CHttpResponseCodec.java:120)
	at org.openqa.selenium.remote.http.W3CHttpResponseCodec.decode(W3CHttpResponseCodec.java:49)
	at org.openqa.selenium.remote.HttpCommandExecutor.execute(HttpCommandExecutor.java:164)
	at org.openqa.selenium.remote.service.DriverCommandExecutor.execute(DriverCommandExecutor.java:83)
	at org.openqa.selenium.remote.RemoteWebDriver.execute(RemoteWebDriver.java:586)
	at org.openqa.selenium.remote.RemoteWebDriver.findElements(RemoteWebDriver.java:383)
	at org.openqa.selenium.remote.RemoteWebDriver.findElementsByXPath(RemoteWebDriver.java:462)
	at org.openqa.selenium.By$ByXPath.findElements(By.java:356)
	at org.openqa.selenium.remote.RemoteWebDriver.findElements(RemoteWebDriver.java:344)
	at org.openqa.selenium.support.ui.ExpectedConditions.findElement(ExpectedConditions.java:881)
	at org.openqa.selenium.support.ui.ExpectedConditions.access$000(ExpectedConditions.java:43)
	at org.openqa.selenium.support.ui.ExpectedConditions$7.apply(ExpectedConditions.java:205)
	at org.openqa.selenium.support.ui.ExpectedConditions$7.apply(ExpectedConditions.java:201)
	at org.openqa.selenium.support.ui.FluentWait.until(FluentWait.java:208)
	at Pages.LoginPage.insertLoginEmail(LoginPage.java:33)
	at Execution.ExShop.run(ExShop.java:22)
... Removed 33 stack frames]]>
    </failure>
  </testcase> <!-- run -->
</testsuite> <!-- Surefire test -->
