<?xml version="1.0" encoding="UTF-8"?>
<testsuite xmlns:xsi="http://www.w3.org/2001/XMLSchema-instance" xsi:noNamespaceSchemaLocation="https://maven.apache.org/surefire/maven-surefire-plugin/xsd/surefire-test-report.xsd" name="Execution.ExShop" time="10.246" tests="2" errors="0" skipped="0" failures="2">
  <properties>
[...]
</properties>
  <testcase name="run" classname="Execution.ExShop" time="2.136">
    <failure message="Failed to decode response from marionette&#10;Build info: version: &apos;3.6.0&apos;, revision: &apos;6fbf3ec767&apos;, time: &apos;2017-09-27T15:28:36.4Z&apos;&#10;System info: host: &apos;LMA003531&apos;, ip: &apos;192.168.181.56&apos;, os.name: &apos;Windows 10&apos;, os.arch: &apos;amd64&apos;, os.version: &apos;10.0&apos;, java.version: &apos;1.8.0_271&apos;&#10;Driver info: org.openqa.selenium.firefox.FirefoxDriver&#10;Capabilities [{moz:profile=C:\Users\mohamine\AppData\Local\Temp\rust_mozprofile1ehL7h, moz:geckodriverVersion=0.31.0, timeouts={implicit=0, pageLoad=300000, script=30000}, pageLoadStrategy=normal, unhandledPromptBehavior=dismiss and notify, strictFileInteractability=false, moz:headless=false, moz:windowless=false, platform=WINDOWS, proxy=Proxy(), moz:accessibilityChecks=false, moz:useNonSpecCompliantPointerOrigin=false, acceptInsecureCerts=true, browserVersion=103.0.2, moz:shutdownTimeout=60000, moz:processID=10404, browserName=firefox, moz:buildID=20220808125904, javascriptEnabled=true, moz:platformVersion=10.0, platformName=WINDOWS, setWindowRect=true, moz:webdriverClick=true}]&#10;Session ID: b57be44c-e3d9-4bb4-92bb-71eb940b8257&#10;*** Element info: {Using=xpath, value=//input[@name=&apos;username&apos;]}" type="org.openqa.selenium.WebDriverException">org.openqa.selenium.WebDriverException: 
Failed to decode response from marionette
Build info: version: '3.6.0', revision: '6fbf3ec767', time: '2017-09-27T15:28:36.4Z'
System info: host: 'LMA003531', ip: '192.168.181.56', os.name: 'Windows 10', os.arch: 'amd64', os.version: '10.0', java.version: '1.8.0_271'
Driver info: org.openqa.selenium.firefox.FirefoxDriver
Capabilities [{moz:profile=C:\Users\mohamine\AppData\Local\Temp\rust_mozprofile1ehL7h, moz:geckodriverVersion=0.31.0, timeouts={implicit=0, pageLoad=300000, script=30000}, pageLoadStrategy=normal, unhandledPromptBehavior=dismiss and notify, strictFileInteractability=false, moz:headless=false, moz:windowless=false, platform=WINDOWS, proxy=Proxy(), moz:accessibilityChecks=false, moz:useNonSpecCompliantPointerOrigin=false, acceptInsecureCerts=true, browserVersion=103.0.2, moz:shutdownTimeout=60000, moz:processID=10404, browserName=firefox, moz:buildID=20220808125904, javascriptEnabled=true, moz:platformVersion=10.0, platformName=WINDOWS, setWindowRect=true, moz:webdriverClick=true}]
Session ID: b57be44c-e3d9-4bb4-92bb-71eb940b8257
*** Element info: {Using=xpath, value=//input[@name='username']}
	at Execution.ExShop.run(ExShop.java:22)
</failure>
    <system-err><![CDATA[1660746016319	geckodriver	INFO	Listening on 127.0.0.1:47127
1660746016836	mozrunner::runner	INFO	Running command: "C:\\Program Files\\Mozilla Firefox\\firefox.exe" "--marionette" "-no-remote" "-profile" "C:\\Users\\mohamine\\AppData\\Local\\Temp\\rust_mozprofile1ehL7h"
1660746017463	Marionette	INFO	Marionette enabled
1660746017470	Marionette	INFO	Listening on port 55435
Read port: 55435
1660746017845	RemoteAgent	WARN	TLS certificate errors will be ignored for this session
console.warn: SearchSettings: "get: No settings file exists, new profile?" (new NotFoundError("Could not open the file at C:\\Users\\mohamine\\AppData\\Local\\Temp\\rust_mozprofile1ehL7h\\search.json.mozlz4", (void 0)))
août 17, 2022 3:20:19 PM org.openqa.selenium.remote.ProtocolHandshake createSession
INFOS: Detected dialect: W3C
JavaScript error: https://pagead2.googlesyndication.com/pagead/js/adsbygoogle.js, line 250: uncaught exception: TagError: adsbygoogle.push() error: No slot size for availableWidth=0
JavaScript error: https://pagead2.googlesyndication.com/pagead/js/adsbygoogle.js, line 250: uncaught exception: TagError: adsbygoogle.push() error: No slot size for availableWidth=0
JavaScript error: https://pagead2.googlesyndication.com/pagead/js/adsbygoogle.js, line 250: uncaught exception: TagError: adsbygoogle.push() error: No slot size for availableWidth=0
JavaScript error: https://pagead2.googlesyndication.com/pagead/js/adsbygoogle.js, line 250: uncaught exception: TagError: adsbygoogle.push() error: No slot size for availableWidth=0
JavaScript error: https://pagead2.googlesyndication.com/pagead/js/adsbygoogle.js, line 250: uncaught exception: TagError: adsbygoogle.push() error: No slot size for availableWidth=0
JavaScript error: https://pagead2.googlesyndication.com/pagead/js/adsbygoogle.js, line 250: uncaught exception: TagError: adsbygoogle.push() error: No slot size for availableWidth=0
JavaScript error: , line 0: uncaught exception: undefined
JavaScript error: https://pagead2.googlesyndication.com/pagead/js/adsbygoogle.js, line 250: uncaught exception: TagError: adsbygoogle.push() error: No slot size for availableWidth=0
JavaScript error: https://pagead2.googlesyndication.com/pagead/js/adsbygoogle.js, line 250: uncaught exception: TagError: adsbygoogle.push() error: No slot size for availableWidth=0
JavaScript error: https://pagead2.googlesyndication.com/pagead/js/adsbygoogle.js, line 250: uncaught exception: TagError: adsbygoogle.push() error: No slot size for availableWidth=0
JavaScript error: https://pagead2.googlesyndication.com/pagead/js/adsbygoogle.js, line 250: uncaught exception: TagError: adsbygoogle.push() error: No slot size for availableWidth=0
JavaScript error: https://pagead2.googlesyndication.com/pagead/js/adsbygoogle.js, line 250: uncaught exception: TagError: adsbygoogle.push() error: No slot size for availableWidth=0
JavaScript error: https://pagead2.googlesyndication.com/pagead/js/adsbygoogle.js, line 250: uncaught exception: TagError: adsbygoogle.push() error: No slot size for availableWidth=0
1660746024618	Marionette	INFO	Stopped listening on port 55435
août 17, 2022 3:20:24 PM org.openqa.selenium.remote.ErrorCodes toStatus
INFOS: HTTP Status: '404' -> incorrect JSON status mapping for 'no such window' (400 expected)
août 17, 2022 3:20:24 PM org.openqa.selenium.support.ui.ExpectedConditions findElement
AVERTISSEMENT: WebDriverException thrown by findElement(By.xpath: //input[@name='username'])
org.openqa.selenium.NoSuchWindowException: Browsing context has been discarded
Build info: version: '3.6.0', revision: '6fbf3ec767', time: '2017-09-27T15:28:36.4Z'
System info: host: 'LMA003531', ip: '192.168.181.56', os.name: 'Windows 10', os.arch: 'amd64', os.version: '10.0', java.version: '1.8.0_271'
Driver info: org.openqa.selenium.firefox.FirefoxDriver
Capabilities [{moz:profile=C:\Users\mohamine\AppData\Local\Temp\rust_mozprofile1ehL7h, moz:geckodriverVersion=0.31.0, timeouts={implicit=0, pageLoad=300000, script=30000}, pageLoadStrategy=normal, unhandledPromptBehavior=dismiss and notify, strictFileInteractability=false, moz:headless=false, moz:windowless=false, platform=WINDOWS, proxy=Proxy(), moz:accessibilityChecks=false, moz:useNonSpecCompliantPointerOrigin=false, acceptInsecureCerts=true, browserVersion=103.0.2, moz:shutdownTimeout=60000, moz:processID=10404, browserName=firefox, moz:buildID=20220808125904, javascriptEnabled=true, moz:platformVersion=10.0, platformName=WINDOWS, setWindowRect=true, moz:webdriverClick=true}]
Session ID: b57be44c-e3d9-4bb4-92bb-71eb940b8257
*** Element info: {Using=xpath, value=//input[@name='username']}
	at sun.reflect.NativeConstructorAccessorImpl.newInstance0(Native Method)
	at sun.reflect.NativeConstructorAccessorImpl.newInstance(NativeConstructorAccessorImpl.java:62)
	at sun.reflect.DelegatingConstructorAccessorImpl.newInstance(DelegatingConstructorAccessorImpl.java:45)
	at java.lang.reflect.Constructor.newInstance(Constructor.java:423)
	at org.openqa.selenium.remote.http.W3CHttpResponseCodec.createException(W3CHttpResponseCodec.java:185)
	at org.openqa.selenium.remote.http.W3CHttpResponseCodec.decode(W3CHttpResponseCodec.java:120)
	at org.openqa.selenium.remote.http.W3CHttpResponseCodec.decode(W3CHttpResponseCodec.java:49)
	at org.openqa.selenium.remote.HttpCommandExecutor.execute(HttpCommandExecutor.java:164)
	at org.openqa.selenium.remote.service.DriverCommandExecutor.execute(DriverCommandExecutor.java:83)
	at org.openqa.selenium.remote.RemoteWebDriver.execute(RemoteWebDriver.java:586)
	at org.openqa.selenium.remote.RemoteWebDriver.findElements(RemoteWebDriver.java:383)
	at org.openqa.selenium.remote.RemoteWebDriver.findElementsByXPath(RemoteWebDriver.java:462)
	at org.openqa.selenium.By$ByXPath.findElements(By.java:356)
	at org.openqa.selenium.remote.RemoteWebDriver.findElements(RemoteWebDriver.java:344)
	at org.openqa.selenium.support.ui.ExpectedConditions.findElement(ExpectedConditions.java:881)
	at org.openqa.selenium.support.ui.ExpectedConditions.access$000(ExpectedConditions.java:43)
	at org.openqa.selenium.support.ui.ExpectedConditions$7.apply(ExpectedConditions.java:205)
	at org.openqa.selenium.support.ui.ExpectedConditions$7.apply(ExpectedConditions.java:201)
	at org.openqa.selenium.support.ui.FluentWait.until(FluentWait.java:208)
	at Pages.LoginPage.insertLoginEmail(LoginPage.java:33)
	at Execution.ExShop.run(ExShop.java:22)
	at sun.reflect.NativeMethodAccessorImpl.invoke0(Native Method)
	at sun.reflect.NativeMethodAccessorImpl.invoke(NativeMethodAccessorImpl.java:62)
	at sun.reflect.DelegatingMethodAccessorImpl.invoke(DelegatingMethodAccessorImpl.java:43)
	at java.lang.reflect.Method.invoke(Method.java:498)
	at org.testng.internal.MethodInvocationHelper.invokeMethod(MethodInvocationHelper.java:84)
	at org.testng.internal.Invoker.invokeMethod(Invoker.java:714)
	at org.testng.internal.Invoker.invokeTestMethod(Invoker.java:901)
	at org.testng.internal.Invoker.invokeTestMethods(Invoker.java:1231)
	at org.testng.internal.TestMethodWorker.invokeTestMethods(TestMethodWorker.java:127)
	at org.testng.internal.TestMethodWorker.run(TestMethodWorker.java:111)
	at org.testng.TestRunner.privateRun(TestRunner.java:767)
	at org.testng.TestRunner.run(TestRunner.java:617)
	at org.testng.SuiteRunner.runTest(SuiteRunner.java:348)
	at org.testng.SuiteRunner.runSequentially(SuiteRunner.java:343)
	at org.testng.SuiteRunner.privateRun(SuiteRunner.java:305)
	at org.testng.SuiteRunner.run(SuiteRunner.java:254)
	at org.testng.SuiteRunnerWorker.runSuite(SuiteRunnerWorker.java:52)
	at org.testng.SuiteRunnerWorker.run(SuiteRunnerWorker.java:86)
	at org.testng.TestNG.runSuitesSequentially(TestNG.java:1224)
	at org.testng.TestNG.runSuitesLocally(TestNG.java:1149)
	at org.testng.TestNG.run(TestNG.java:1057)
	at org.apache.maven.surefire.testng.TestNGExecutor.run(TestNGExecutor.java:135)
	at org.apache.maven.surefire.testng.TestNGDirectoryTestSuite.executeSingleClass(TestNGDirectoryTestSuite.java:112)
	at org.apache.maven.surefire.testng.TestNGDirectoryTestSuite.execute(TestNGDirectoryTestSuite.java:99)
	at org.apache.maven.surefire.testng.TestNGProvider.invoke(TestNGProvider.java:146)
	at org.apache.maven.surefire.booter.ForkedBooter.invokeProviderInSameClassLoader(ForkedBooter.java:384)
	at org.apache.maven.surefire.booter.ForkedBooter.runSuitesInProcess(ForkedBooter.java:345)
	at org.apache.maven.surefire.booter.ForkedBooter.execute(ForkedBooter.java:126)
	at org.apache.maven.surefire.booter.ForkedBooter.main(ForkedBooter.java:418)

JavaScript error: chrome://remote/content/marionette/cert.js, line 57: NS_ERROR_NOT_AVAILABLE: Component returned failure code: 0x80040111 (NS_ERROR_NOT_AVAILABLE) [nsICertOverrideService.setDisableAllSecurityChecksAndLetAttackersInterceptMyData]
août 17, 2022 3:20:25 PM org.openqa.selenium.support.ui.ExpectedConditions findElement
AVERTISSEMENT: WebDriverException thrown by findElement(By.xpath: //input[@name='username'])
org.openqa.selenium.WebDriverException: Failed to decode response from marionette
Build info: version: '3.6.0', revision: '6fbf3ec767', time: '2017-09-27T15:28:36.4Z'
System info: host: 'LMA003531', ip: '192.168.181.56', os.name: 'Windows 10', os.arch: 'amd64', os.version: '10.0', java.version: '1.8.0_271'
Driver info: org.openqa.selenium.firefox.FirefoxDriver
Capabilities [{moz:profile=C:\Users\mohamine\AppData\Local\Temp\rust_mozprofile1ehL7h, moz:geckodriverVersion=0.31.0, timeouts={implicit=0, pageLoad=300000, script=30000}, pageLoadStrategy=normal, unhandledPromptBehavior=dismiss and notify, strictFileInteractability=false, moz:headless=false, moz:windowless=false, platform=WINDOWS, proxy=Proxy(), moz:accessibilityChecks=false, moz:useNonSpecCompliantPointerOrigin=false, acceptInsecureCerts=true, browserVersion=103.0.2, moz:shutdownTimeout=60000, moz:processID=10404, browserName=firefox, moz:buildID=20220808125904, javascriptEnabled=true, moz:platformVersion=10.0, platformName=WINDOWS, setWindowRect=true, moz:webdriverClick=true}]
Session ID: b57be44c-e3d9-4bb4-92bb-71eb940b8257
*** Element info: {Using=xpath, value=//input[@name='username']}
	at sun.reflect.NativeConstructorAccessorImpl.newInstance0(Native Method)
	at sun.reflect.NativeConstructorAccessorImpl.newInstance(NativeConstructorAccessorImpl.java:62)
	at sun.reflect.DelegatingConstructorAccessorImpl.newInstance(DelegatingConstructorAccessorImpl.java:45)
	at java.lang.reflect.Constructor.newInstance(Constructor.java:423)
	at org.openqa.selenium.remote.http.W3CHttpResponseCodec.createException(W3CHttpResponseCodec.java:185)
	at org.openqa.selenium.remote.http.W3CHttpResponseCodec.decode(W3CHttpResponseCodec.java:120)
	at org.openqa.selenium.remote.http.W3CHttpResponseCodec.decode(W3CHttpResponseCodec.java:49)
	at org.openqa.selenium.remote.HttpCommandExecutor.execute(HttpCommandExecutor.java:164)
	at org.openqa.selenium.remote.service.DriverCommandExecutor.execute(DriverCommandExecutor.java:83)
	at org.openqa.selenium.remote.RemoteWebDriver.execute(RemoteWebDriver.java:586)
	at org.openqa.selenium.remote.RemoteWebDriver.findElements(RemoteWebDriver.java:383)
	at org.openqa.selenium.remote.RemoteWebDriver.findElementsByXPath(RemoteWebDriver.java:462)
	at org.openqa.selenium.By$ByXPath.findElements(By.java:356)
	at org.openqa.selenium.remote.RemoteWebDriver.findElements(RemoteWebDriver.java:344)
	at org.openqa.selenium.support.ui.ExpectedConditions.findElement(ExpectedConditions.java:881)
	at org.openqa.selenium.support.ui.ExpectedConditions.access$000(ExpectedConditions.java:43)
	at org.openqa.selenium.support.ui.ExpectedConditions$7.apply(ExpectedConditions.java:205)
	at org.openqa.selenium.support.ui.ExpectedConditions$7.apply(ExpectedConditions.java:201)
	at org.openqa.selenium.support.ui.FluentWait.until(FluentWait.java:208)
	at Pages.LoginPage.insertLoginEmail(LoginPage.java:33)
	at Execution.ExShop.run(ExShop.java:22)
	at sun.reflect.NativeMethodAccessorImpl.invoke0(Native Method)
	at sun.reflect.NativeMethodAccessorImpl.invoke(NativeMethodAccessorImpl.java:62)
	at sun.reflect.DelegatingMethodAccessorImpl.invoke(DelegatingMethodAccessorImpl.java:43)
	at java.lang.reflect.Method.invoke(Method.java:498)
	at org.testng.internal.MethodInvocationHelper.invokeMethod(MethodInvocationHelper.java:84)
	at org.testng.internal.Invoker.invokeMethod(Invoker.java:714)
	at org.testng.internal.Invoker.invokeTestMethod(Invoker.java:901)
	at org.testng.internal.Invoker.invokeTestMethods(Invoker.java:1231)
	at org.testng.internal.TestMethodWorker.invokeTestMethods(TestMethodWorker.java:127)
	at org.testng.internal.TestMethodWorker.run(TestMethodWorker.java:111)
	at org.testng.TestRunner.privateRun(TestRunner.java:767)
	at org.testng.TestRunner.run(TestRunner.java:617)
	at org.testng.SuiteRunner.runTest(SuiteRunner.java:348)
	at org.testng.SuiteRunner.runSequentially(SuiteRunner.java:343)
	at org.testng.SuiteRunner.privateRun(SuiteRunner.java:305)
	at org.testng.SuiteRunner.run(SuiteRunner.java:254)
	at org.testng.SuiteRunnerWorker.runSuite(SuiteRunnerWorker.java:52)
	at org.testng.SuiteRunnerWorker.run(SuiteRunnerWorker.java:86)
	at org.testng.TestNG.runSuitesSequentially(TestNG.java:1224)
	at org.testng.TestNG.runSuitesLocally(TestNG.java:1149)
	at org.testng.TestNG.run(TestNG.java:1057)
	at org.apache.maven.surefire.testng.TestNGExecutor.run(TestNGExecutor.java:135)
	at org.apache.maven.surefire.testng.TestNGDirectoryTestSuite.executeSingleClass(TestNGDirectoryTestSuite.java:112)
	at org.apache.maven.surefire.testng.TestNGDirectoryTestSuite.execute(TestNGDirectoryTestSuite.java:99)
	at org.apache.maven.surefire.testng.TestNGProvider.invoke(TestNGProvider.java:146)
	at org.apache.maven.surefire.booter.ForkedBooter.invokeProviderInSameClassLoader(ForkedBooter.java:384)
	at org.apache.maven.surefire.booter.ForkedBooter.runSuitesInProcess(ForkedBooter.java:345)
	at org.apache.maven.surefire.booter.ForkedBooter.execute(ForkedBooter.java:126)
	at org.apache.maven.surefire.booter.ForkedBooter.main(ForkedBooter.java:418)

]]></system-err>
  </testcase>
  <testcase name="fermer" classname="Execution.ExShop" time="2.162">
    <failure message="org.openqa.selenium.NoSuchSessionException: Tried to run command without establishing a connection&#10;Build info: version: &apos;3.6.0&apos;, revision: &apos;6fbf3ec767&apos;, time: &apos;2017-09-27T15:28:36.4Z&apos;&#10;System info: host: &apos;LMA003531&apos;, ip: &apos;192.168.181.56&apos;, os.name: &apos;Windows 10&apos;, os.arch: &apos;amd64&apos;, os.version: &apos;10.0&apos;, java.version: &apos;1.8.0_271&apos;&#10;Driver info: org.openqa.selenium.firefox.FirefoxDriver&#10;Capabilities [{moz:profile=C:\Users\mohamine\AppData\Local\Temp\rust_mozprofile1ehL7h, moz:geckodriverVersion=0.31.0, timeouts={implicit=0, pageLoad=300000, script=30000}, pageLoadStrategy=normal, unhandledPromptBehavior=dismiss and notify, strictFileInteractability=false, moz:headless=false, moz:windowless=false, platform=WINDOWS, proxy=Proxy(), moz:accessibilityChecks=false, moz:useNonSpecCompliantPointerOrigin=false, acceptInsecureCerts=true, browserVersion=103.0.2, moz:shutdownTimeout=60000, moz:processID=10404, browserName=firefox, moz:buildID=20220808125904, javascriptEnabled=true, moz:platformVersion=10.0, platformName=WINDOWS, setWindowRect=true, moz:webdriverClick=true}]&#10;Session ID: b57be44c-e3d9-4bb4-92bb-71eb940b8257" type="java.lang.RuntimeException">java.lang.RuntimeException: 
org.openqa.selenium.NoSuchSessionException: Tried to run command without establishing a connection
Build info: version: '3.6.0', revision: '6fbf3ec767', time: '2017-09-27T15:28:36.4Z'
System info: host: 'LMA003531', ip: '192.168.181.56', os.name: 'Windows 10', os.arch: 'amd64', os.version: '10.0', java.version: '1.8.0_271'
Driver info: org.openqa.selenium.firefox.FirefoxDriver
Capabilities [{moz:profile=C:\Users\mohamine\AppData\Local\Temp\rust_mozprofile1ehL7h, moz:geckodriverVersion=0.31.0, timeouts={implicit=0, pageLoad=300000, script=30000}, pageLoadStrategy=normal, unhandledPromptBehavior=dismiss and notify, strictFileInteractability=false, moz:headless=false, moz:windowless=false, platform=WINDOWS, proxy=Proxy(), moz:accessibilityChecks=false, moz:useNonSpecCompliantPointerOrigin=false, acceptInsecureCerts=true, browserVersion=103.0.2, moz:shutdownTimeout=60000, moz:processID=10404, browserName=firefox, moz:buildID=20220808125904, javascriptEnabled=true, moz:platformVersion=10.0, platformName=WINDOWS, setWindowRect=true, moz:webdriverClick=true}]
Session ID: b57be44c-e3d9-4bb4-92bb-71eb940b8257
Caused by: org.openqa.selenium.NoSuchSessionException: 
Tried to run command without establishing a connection
Build info: version: '3.6.0', revision: '6fbf3ec767', time: '2017-09-27T15:28:36.4Z'
System info: host: 'LMA003531', ip: '192.168.181.56', os.name: 'Windows 10', os.arch: 'amd64', os.version: '10.0', java.version: '1.8.0_271'
Driver info: org.openqa.selenium.firefox.FirefoxDriver
Capabilities [{moz:profile=C:\Users\mohamine\AppData\Local\Temp\rust_mozprofile1ehL7h, moz:geckodriverVersion=0.31.0, timeouts={implicit=0, pageLoad=300000, script=30000}, pageLoadStrategy=normal, unhandledPromptBehavior=dismiss and notify, strictFileInteractability=false, moz:headless=false, moz:windowless=false, platform=WINDOWS, proxy=Proxy(), moz:accessibilityChecks=false, moz:useNonSpecCompliantPointerOrigin=false, acceptInsecureCerts=true, browserVersion=103.0.2, moz:shutdownTimeout=60000, moz:processID=10404, browserName=firefox, moz:buildID=20220808125904, javascriptEnabled=true, moz:platformVersion=10.0, platformName=WINDOWS, setWindowRect=true, moz:webdriverClick=true}]
Session ID: b57be44c-e3d9-4bb4-92bb-71eb940b8257
</failure>
  </testcase>
</testsuite>